This file contains any messages produced by compilers while
running configure, to aid debugging if configure makes a mistake.

It was created by memcacheq configure 0.2.1, which was
generated by GNU Autoconf 2.61.  Invocation command line was

  $ ./configure --prefix=/home/caijingming/local/

## --------- ##
## Platform. ##
## --------- ##

hostname = phy-09
uname -m = x86_64
uname -r = 2.6.18-194.17.4.el5xen
uname -s = Linux
uname -v = #1 SMP Mon Oct 25 16:36:31 EDT 2010

/usr/bin/uname -p = unknown
/bin/uname -X     = unknown

/bin/arch              = x86_64
/usr/bin/arch -k       = unknown
/usr/convex/getsysinfo = unknown
/usr/bin/hostinfo      = unknown
/bin/machine           = unknown
/usr/bin/oslevel       = unknown
/bin/universe          = unknown

PATH: /usr/kerberos/bin
PATH: /usr/local/bin
PATH: /bin
PATH: /usr/bin
PATH: /home/caijingming/bin


## ----------- ##
## Core tests. ##
## ----------- ##

configure:1779: checking for a BSD-compatible install
configure:1835: result: /usr/bin/install -c
configure:1846: checking whether build environment is sane
configure:1889: result: yes
configure:1917: checking for a thread-safe mkdir -p
configure:1956: result: /bin/mkdir -p
configure:1969: checking for gawk
configure:1985: found /bin/gawk
configure:1996: result: gawk
configure:2007: checking whether make sets $(MAKE)
configure:2028: result: yes
configure:2264: checking for gcc
configure:2280: found /usr/bin/gcc
configure:2291: result: gcc
configure:2529: checking for C compiler version
configure:2536: gcc --version >&5
gcc (GCC) 4.1.2 20080704 (Red Hat 4.1.2-48)
Copyright (C) 2006 Free Software Foundation, Inc.
This is free software; see the source for copying conditions.  There is NO
warranty; not even for MERCHANTABILITY or FITNESS FOR A PARTICULAR PURPOSE.

configure:2539: $? = 0
configure:2546: gcc -v >&5
Using built-in specs.
Target: x86_64-redhat-linux
Configured with: ../configure --prefix=/usr --mandir=/usr/share/man --infodir=/usr/share/info --enable-shared --enable-threads=posix --enable-checking=release --with-system-zlib --enable-__cxa_atexit --disable-libunwind-exceptions --enable-libgcj-multifile --enable-languages=c,c++,objc,obj-c++,java,fortran,ada --enable-java-awt=gtk --disable-dssi --enable-plugin --with-java-home=/usr/lib/jvm/java-1.4.2-gcj-1.4.2.0/jre --with-cpu=generic --host=x86_64-redhat-linux
Thread model: posix
gcc version 4.1.2 20080704 (Red Hat 4.1.2-48)
configure:2549: $? = 0
configure:2556: gcc -V >&5
gcc: '-V' option must have argument
configure:2559: $? = 1
configure:2582: checking for C compiler default output file name
configure:2609: gcc    conftest.c  >&5
configure:2612: $? = 0
configure:2650: result: a.out
configure:2667: checking whether the C compiler works
configure:2677: ./a.out
configure:2680: $? = 0
configure:2697: result: yes
configure:2704: checking whether we are cross compiling
configure:2706: result: no
configure:2709: checking for suffix of executables
configure:2716: gcc -o conftest    conftest.c  >&5
configure:2719: $? = 0
configure:2743: result: 
configure:2749: checking for suffix of object files
configure:2775: gcc -c   conftest.c >&5
configure:2778: $? = 0
configure:2801: result: o
configure:2805: checking whether we are using the GNU C compiler
configure:2834: gcc -c   conftest.c >&5
configure:2840: $? = 0
configure:2857: result: yes
configure:2862: checking whether gcc accepts -g
configure:2892: gcc -c -g  conftest.c >&5
configure:2898: $? = 0
configure:2997: result: yes
configure:3014: checking for gcc option to accept ISO C89
configure:3088: gcc  -c -g -O2  conftest.c >&5
configure:3094: $? = 0
configure:3117: result: none needed
configure:3146: checking for style of include used by make
configure:3174: result: GNU
configure:3199: checking dependency style of gcc
configure:3290: result: gcc3
configure:3306: checking whether gcc and cc understand -c and -o together
configure:3341: gcc -c conftest.c -o conftest2.o >&5
configure:3344: $? = 0
configure:3350: gcc -c conftest.c -o conftest2.o >&5
configure:3353: $? = 0
configure:3364: cc -c conftest.c >&5
configure:3367: $? = 0
configure:3375: cc -c conftest.c -o conftest2.o >&5
configure:3378: $? = 0
configure:3384: cc -c conftest.c -o conftest2.o >&5
configure:3387: $? = 0
configure:3405: result: yes
configure:3451: checking for libevent directory
configure:3505: gcc -o conftest -g -O2   conftest.c  -levent >&5
configure:3511: $? = 0
configure:3553: result: (system)
configure:3585: checking for library containing db_create
configure:3626: gcc -o conftest -g -O2 -I/usr/local/BerkeleyDB.4.7/include  -L/usr/local/BerkeleyDB.4.7/lib  conftest.c  -levent >&5
/tmp/ccOb7fSo.o: In function `main':
/home/caijingming/code/memcacheq/conftest.c:21: undefined reference to `db_create'
collect2: ld returned 1 exit status
configure:3632: $? = 1
configure: failed program was:
| /* confdefs.h.  */
| #define PACKAGE_NAME "memcacheq"
| #define PACKAGE_TARNAME "memcacheq"
| #define PACKAGE_VERSION "0.2.1"
| #define PACKAGE_STRING "memcacheq 0.2.1"
| #define PACKAGE_BUGREPORT "stvchu@gmail.com"
| #define PACKAGE "memcacheq"
| #define VERSION "0.2.1"
| /* end confdefs.h.  */
| 
| /* Override any GCC internal prototype to avoid an error.
|    Use char because int might match the return type of a GCC
|    builtin and then its argument prototype would still apply.  */
| #ifdef __cplusplus
| extern "C"
| #endif
| char db_create ();
| int
| main ()
| {
| return db_create ();
|   ;
|   return 0;
| }
configure:3626: gcc -o conftest -g -O2 -I/usr/local/BerkeleyDB.4.7/include  -L/usr/local/BerkeleyDB.4.7/lib  conftest.c -ldb   -levent >&5
configure:3632: $? = 0
configure:3660: result: -ldb
configure:3677: checking how to run the C preprocessor
configure:3717: gcc -E -I/usr/local/BerkeleyDB.4.7/include  conftest.c
configure:3723: $? = 0
configure:3754: gcc -E -I/usr/local/BerkeleyDB.4.7/include  conftest.c
conftest.c:10:28: error: ac_nonexistent.h: No such file or directory
configure:3760: $? = 1
configure: failed program was:
| /* confdefs.h.  */
| #define PACKAGE_NAME "memcacheq"
| #define PACKAGE_TARNAME "memcacheq"
| #define PACKAGE_VERSION "0.2.1"
| #define PACKAGE_STRING "memcacheq 0.2.1"
| #define PACKAGE_BUGREPORT "stvchu@gmail.com"
| #define PACKAGE "memcacheq"
| #define VERSION "0.2.1"
| /* end confdefs.h.  */
| #include <ac_nonexistent.h>
configure:3793: result: gcc -E
configure:3822: gcc -E -I/usr/local/BerkeleyDB.4.7/include  conftest.c
configure:3828: $? = 0
configure:3859: gcc -E -I/usr/local/BerkeleyDB.4.7/include  conftest.c
conftest.c:10:28: error: ac_nonexistent.h: No such file or directory
configure:3865: $? = 1
configure: failed program was:
| /* confdefs.h.  */
| #define PACKAGE_NAME "memcacheq"
| #define PACKAGE_TARNAME "memcacheq"
| #define PACKAGE_VERSION "0.2.1"
| #define PACKAGE_STRING "memcacheq 0.2.1"
| #define PACKAGE_BUGREPORT "stvchu@gmail.com"
| #define PACKAGE "memcacheq"
| #define VERSION "0.2.1"
| /* end confdefs.h.  */
| #include <ac_nonexistent.h>
configure:3903: checking for grep that handles long lines and -e
configure:3977: result: /bin/grep
configure:3982: checking for egrep
configure:4060: result: /bin/grep -E
configure:4065: checking for ANSI C header files
configure:4095: gcc -c -g -O2 -I/usr/local/BerkeleyDB.4.7/include  conftest.c >&5
configure:4101: $? = 0
configure:4200: gcc -o conftest -g -O2 -I/usr/local/BerkeleyDB.4.7/include  -L/usr/local/BerkeleyDB.4.7/lib  conftest.c -ldb  -levent >&5
configure:4203: $? = 0
configure:4209: ./conftest
configure:4212: $? = 0
configure:4229: result: yes
configure:4253: checking for sys/types.h
configure:4274: gcc -c -g -O2 -I/usr/local/BerkeleyDB.4.7/include  conftest.c >&5
configure:4280: $? = 0
configure:4296: result: yes
configure:4253: checking for sys/stat.h
configure:4274: gcc -c -g -O2 -I/usr/local/BerkeleyDB.4.7/include  conftest.c >&5
configure:4280: $? = 0
configure:4296: result: yes
configure:4253: checking for stdlib.h
configure:4274: gcc -c -g -O2 -I/usr/local/BerkeleyDB.4.7/include  conftest.c >&5
configure:4280: $? = 0
configure:4296: result: yes
configure:4253: checking for string.h
configure:4274: gcc -c -g -O2 -I/usr/local/BerkeleyDB.4.7/include  conftest.c >&5
configure:4280: $? = 0
configure:4296: result: yes
configure:4253: checking for memory.h
configure:4274: gcc -c -g -O2 -I/usr/local/BerkeleyDB.4.7/include  conftest.c >&5
configure:4280: $? = 0
configure:4296: result: yes
configure:4253: checking for strings.h
configure:4274: gcc -c -g -O2 -I/usr/local/BerkeleyDB.4.7/include  conftest.c >&5
configure:4280: $? = 0
configure:4296: result: yes
configure:4253: checking for inttypes.h
configure:4274: gcc -c -g -O2 -I/usr/local/BerkeleyDB.4.7/include  conftest.c >&5
configure:4280: $? = 0
configure:4296: result: yes
configure:4253: checking for stdint.h
configure:4274: gcc -c -g -O2 -I/usr/local/BerkeleyDB.4.7/include  conftest.c >&5
configure:4280: $? = 0
configure:4296: result: yes
configure:4253: checking for unistd.h
configure:4274: gcc -c -g -O2 -I/usr/local/BerkeleyDB.4.7/include  conftest.c >&5
configure:4280: $? = 0
configure:4296: result: yes
configure:4323: checking db.h usability
configure:4340: gcc -c -g -O2 -I/usr/local/BerkeleyDB.4.7/include  conftest.c >&5
configure:4346: $? = 0
configure:4360: result: yes
configure:4364: checking db.h presence
configure:4379: gcc -E -I/usr/local/BerkeleyDB.4.7/include  conftest.c
configure:4385: $? = 0
configure:4399: result: yes
configure:4432: checking for db.h
configure:4440: result: yes
configure:4459: checking for library containing socket
configure:4500: gcc -o conftest -g -O2 -I/usr/local/BerkeleyDB.4.7/include  -L/usr/local/BerkeleyDB.4.7/lib  conftest.c -ldb  -levent >&5
configure:4506: $? = 0
configure:4534: result: none required
configure:4542: checking for library containing gethostbyname
configure:4583: gcc -o conftest -g -O2 -I/usr/local/BerkeleyDB.4.7/include  -L/usr/local/BerkeleyDB.4.7/lib  conftest.c -ldb  -levent >&5
configure:4589: $? = 0
configure:4617: result: none required
configure:4625: checking for library containing mallinfo
configure:4666: gcc -o conftest -g -O2 -I/usr/local/BerkeleyDB.4.7/include  -L/usr/local/BerkeleyDB.4.7/lib  conftest.c -ldb  -levent >&5
configure:4672: $? = 0
configure:4700: result: none required
configure:4708: checking for library containing ceilf
configure:4749: gcc -o conftest -g -O2 -I/usr/local/BerkeleyDB.4.7/include  -L/usr/local/BerkeleyDB.4.7/lib  conftest.c -ldb  -levent >&5
conftest.c:28: warning: conflicting types for built-in function 'ceilf'
/tmp/ccgsWuOD.o: In function `main':
/home/caijingming/code/memcacheq/conftest.c:32: undefined reference to `ceilf'
collect2: ld returned 1 exit status
configure:4755: $? = 1
configure: failed program was:
| /* confdefs.h.  */
| #define PACKAGE_NAME "memcacheq"
| #define PACKAGE_TARNAME "memcacheq"
| #define PACKAGE_VERSION "0.2.1"
| #define PACKAGE_STRING "memcacheq 0.2.1"
| #define PACKAGE_BUGREPORT "stvchu@gmail.com"
| #define PACKAGE "memcacheq"
| #define VERSION "0.2.1"
| #define STDC_HEADERS 1
| #define HAVE_SYS_TYPES_H 1
| #define HAVE_SYS_STAT_H 1
| #define HAVE_STDLIB_H 1
| #define HAVE_STRING_H 1
| #define HAVE_MEMORY_H 1
| #define HAVE_STRINGS_H 1
| #define HAVE_INTTYPES_H 1
| #define HAVE_STDINT_H 1
| #define HAVE_UNISTD_H 1
| #define HAVE_DB_H 1
| /* end confdefs.h.  */
| 
| /* Override any GCC internal prototype to avoid an error.
|    Use char because int might match the return type of a GCC
|    builtin and then its argument prototype would still apply.  */
| #ifdef __cplusplus
| extern "C"
| #endif
| char ceilf ();
| int
| main ()
| {
| return ceilf ();
|   ;
|   return 0;
| }
configure:4749: gcc -o conftest -g -O2 -I/usr/local/BerkeleyDB.4.7/include  -L/usr/local/BerkeleyDB.4.7/lib  conftest.c -lm  -ldb  -levent >&5
conftest.c:28: warning: conflicting types for built-in function 'ceilf'
configure:4755: $? = 0
configure:4783: result: -lm
configure:4792: checking for daemon
configure:4848: gcc -o conftest -g -O2 -I/usr/local/BerkeleyDB.4.7/include  -L/usr/local/BerkeleyDB.4.7/lib  conftest.c -lm -ldb  -levent >&5
configure:4854: $? = 0
configure:4871: result: yes
configure:4889: checking for stdbool.h that conforms to C99
configure:4982: gcc -c -g -O2 -I/usr/local/BerkeleyDB.4.7/include  conftest.c >&5
configure:4988: $? = 0
configure:5003: result: yes
configure:5005: checking for _Bool
configure:5035: gcc -c -g -O2 -I/usr/local/BerkeleyDB.4.7/include  conftest.c >&5
configure:5041: $? = 0
configure:5056: result: yes
configure:5075: checking for an ANSI C-conforming const
configure:5150: gcc -c -g -O2 -I/usr/local/BerkeleyDB.4.7/include  conftest.c >&5
configure:5156: $? = 0
configure:5171: result: yes
configure:5191: checking malloc.h usability
configure:5208: gcc -c -g -O2 -I/usr/local/BerkeleyDB.4.7/include  conftest.c >&5
configure:5214: $? = 0
configure:5228: result: yes
configure:5232: checking malloc.h presence
configure:5247: gcc -E -I/usr/local/BerkeleyDB.4.7/include  conftest.c
configure:5253: $? = 0
configure:5267: result: yes
configure:5300: checking for malloc.h
configure:5307: result: yes
configure:5320: checking for struct mallinfo.arena
configure:5352: gcc -c -g -O2 -I/usr/local/BerkeleyDB.4.7/include  conftest.c >&5
configure:5358: $? = 0
configure:5419: result: yes
configure:5434: checking for socklen_t
configure:5466: gcc -c -g -O2 -I/usr/local/BerkeleyDB.4.7/include  conftest.c >&5
configure:5472: $? = 0
configure:5492: result: yes
configure:5718: creating ./config.status

## ---------------------- ##
## Running config.status. ##
## ---------------------- ##

This file was extended by memcacheq config.status 0.2.1, which was
generated by GNU Autoconf 2.61.  Invocation command line was

  CONFIG_FILES    = 
  CONFIG_HEADERS  = 
  CONFIG_LINKS    = 
  CONFIG_COMMANDS = 
  $ ./config.status 

on phy-09

config.status:636: creating Makefile
config.status:636: creating tools/Makefile
config.status:636: creating config.h
config.status:868: config.h is unchanged
config.status:914: executing depfiles commands

## ---------------- ##
## Cache variables. ##
## ---------------- ##

ac_cv_c_compiler_gnu=yes
ac_cv_c_const=yes
ac_cv_c_socklen_t=yes
ac_cv_env_CC_set=
ac_cv_env_CC_value=
ac_cv_env_CFLAGS_set=
ac_cv_env_CFLAGS_value=
ac_cv_env_CPPFLAGS_set=
ac_cv_env_CPPFLAGS_value=
ac_cv_env_CPP_set=
ac_cv_env_CPP_value=
ac_cv_env_LDFLAGS_set=
ac_cv_env_LDFLAGS_value=
ac_cv_env_LIBS_set=
ac_cv_env_LIBS_value=
ac_cv_env_build_alias_set=
ac_cv_env_build_alias_value=
ac_cv_env_host_alias_set=
ac_cv_env_host_alias_value=
ac_cv_env_target_alias_set=
ac_cv_env_target_alias_value=
ac_cv_func_daemon=yes
ac_cv_header_db_h=yes
ac_cv_header_inttypes_h=yes
ac_cv_header_malloc_h=yes
ac_cv_header_memory_h=yes
ac_cv_header_stdbool_h=yes
ac_cv_header_stdc=yes
ac_cv_header_stdint_h=yes
ac_cv_header_stdlib_h=yes
ac_cv_header_string_h=yes
ac_cv_header_strings_h=yes
ac_cv_header_sys_stat_h=yes
ac_cv_header_sys_types_h=yes
ac_cv_header_unistd_h=yes
ac_cv_libevent_dir='(system)'
ac_cv_member_struct_mallinfo_arena=yes
ac_cv_objext=o
ac_cv_path_EGREP='/bin/grep -E'
ac_cv_path_GREP=/bin/grep
ac_cv_path_install='/usr/bin/install -c'
ac_cv_path_mkdir=/bin/mkdir
ac_cv_prog_AWK=gawk
ac_cv_prog_CPP='gcc -E'
ac_cv_prog_ac_ct_CC=gcc
ac_cv_prog_cc_c89=
ac_cv_prog_cc_g=yes
ac_cv_prog_cc_gcc_c_o=yes
ac_cv_prog_make_make_set=yes
ac_cv_search_ceilf=-lm
ac_cv_search_db_create=-ldb
ac_cv_search_gethostbyname='none required'
ac_cv_search_mallinfo='none required'
ac_cv_search_socket='none required'
ac_cv_type__Bool=yes
am_cv_CC_dependencies_compiler_type=gcc3

## ----------------- ##
## Output variables. ##
## ----------------- ##

ACLOCAL='${SHELL} /home/caijingming/code/memcacheq/missing --run aclocal-1.10'
AMDEPBACKSLASH='\'
AMDEP_FALSE='#'
AMDEP_TRUE=''
AMTAR='${SHELL} /home/caijingming/code/memcacheq/missing --run tar'
AUTOCONF='${SHELL} /home/caijingming/code/memcacheq/missing --run autoconf'
AUTOHEADER='${SHELL} /home/caijingming/code/memcacheq/missing --run autoheader'
AUTOMAKE='${SHELL} /home/caijingming/code/memcacheq/missing --run automake-1.10'
AWK='gawk'
CC='gcc'
CCDEPMODE='depmode=gcc3'
CFLAGS='-g -O2'
CPP='gcc -E'
CPPFLAGS='-I/usr/local/BerkeleyDB.4.7/include '
CYGPATH_W='echo'
DEFS='-DHAVE_CONFIG_H'
DEPDIR='.deps'
ECHO_C=''
ECHO_N='-n'
ECHO_T=''
EGREP='/bin/grep -E'
EXEEXT=''
GREP='/bin/grep'
INSTALL_DATA='${INSTALL} -m 644'
INSTALL_PROGRAM='${INSTALL}'
INSTALL_SCRIPT='${INSTALL}'
INSTALL_STRIP_PROGRAM='$(install_sh) -c -s'
LDFLAGS='-L/usr/local/BerkeleyDB.4.7/lib '
LIBOBJS=''
LIBS='-lm -ldb  -levent'
LTLIBOBJS=''
MAKEINFO='${SHELL} /home/caijingming/code/memcacheq/missing --run makeinfo'
OBJEXT='o'
PACKAGE='memcacheq'
PACKAGE_BUGREPORT='stvchu@gmail.com'
PACKAGE_NAME='memcacheq'
PACKAGE_STRING='memcacheq 0.2.1'
PACKAGE_TARNAME='memcacheq'
PACKAGE_VERSION='0.2.1'
PATH_SEPARATOR=':'
SET_MAKE=''
SHELL='/bin/sh'
STRIP=''
VERSION='0.2.1'
ac_ct_CC='gcc'
am__fastdepCC_FALSE='#'
am__fastdepCC_TRUE=''
am__include='include'
am__isrc=''
am__leading_dot='.'
am__quote=''
am__tar='${AMTAR} chof - "$$tardir"'
am__untar='${AMTAR} xf -'
bindir='${exec_prefix}/bin'
build_alias=''
datadir='${datarootdir}'
datarootdir='${prefix}/share'
docdir='${datarootdir}/doc/${PACKAGE_TARNAME}'
dvidir='${docdir}'
exec_prefix='${prefix}'
host_alias=''
htmldir='${docdir}'
includedir='${prefix}/include'
infodir='${datarootdir}/info'
install_sh='$(SHELL) /home/caijingming/code/memcacheq/install-sh'
libdir='${exec_prefix}/lib'
libexecdir='${exec_prefix}/libexec'
localedir='${datarootdir}/locale'
localstatedir='${prefix}/var'
mandir='${datarootdir}/man'
mkdir_p='/bin/mkdir -p'
oldincludedir='/usr/include'
pdfdir='${docdir}'
prefix='/home/caijingming/local/'
program_transform_name='s,x,x,'
psdir='${docdir}'
sbindir='${exec_prefix}/sbin'
sharedstatedir='${prefix}/com'
sysconfdir='${prefix}/etc'
target_alias=''

## ----------- ##
## confdefs.h. ##
## ----------- ##

#define PACKAGE_NAME "memcacheq"
#define PACKAGE_TARNAME "memcacheq"
#define PACKAGE_VERSION "0.2.1"
#define PACKAGE_STRING "memcacheq 0.2.1"
#define PACKAGE_BUGREPORT "stvchu@gmail.com"
#define PACKAGE "memcacheq"
#define VERSION "0.2.1"
#define STDC_HEADERS 1
#define HAVE_SYS_TYPES_H 1
#define HAVE_SYS_STAT_H 1
#define HAVE_STDLIB_H 1
#define HAVE_STRING_H 1
#define HAVE_MEMORY_H 1
#define HAVE_STRINGS_H 1
#define HAVE_INTTYPES_H 1
#define HAVE_STDINT_H 1
#define HAVE_UNISTD_H 1
#define HAVE_DB_H 1
#define HAVE_DAEMON
#define HAVE__BOOL 1
#define HAVE_STDBOOL_H 1
#define HAVE_MALLOC_H
#define HAVE_STRUCT_MALLINFO

configure: exit 0
